Mplus VERSION 8.6 (Mac)
MUTHEN & MUTHEN
12/03/2024  10:23 AM

INPUT INSTRUCTIONS


  TITLE: Compute Ability Level for Age 7 Twins

  DATA:
    FILE is "PSYC-573_LTS.dat";

  VARIABLE:

    NAMES ARE
    ID FAMID Age Version itema1-itema44;

    usevariables ARE
    itema1-itema11 itema19-itema27 itema29
    itema33-itema39;
    categorical ARE
    itema1-itema11 itema19-itema27 itema29
    itema33-itema39;
    MISSING ARE .;

  ANALYSIS:
    processors=4;
    ESTIMATOR = mlr;
    ITERATIONS = 12000;
    COVERAGE = 0;
    LINK = logit;

  MODEL:
    ! regress vocab, the factor, on all vocab items
    vocab by itema1* itema2-itema11
    itema19-itema27 itema29 itema33-itema39;
    vocab@1;
    ! fix the factor variance to 1
    [vocab@0];
    ! fix factor means to 0

  OUTPUT: tech1 tech4 tech8;
  SAVEDATA:
    FILE is NewOut_11-30-24.txt;
    SAVE = FSCORES;



INPUT READING TERMINATED NORMALLY



Compute Ability Level for Age 7 Twins

SUMMARY OF ANALYSIS

Number of groups                                                 1
Number of observations                                         415

Number of dependent variables                                   28
Number of independent variables                                  0
Number of continuous latent variables                            1

Observed dependent variables

  Binary and ordered categorical (ordinal)
   ITEMA1      ITEMA2      ITEMA3      ITEMA4      ITEMA5      ITEMA6
   ITEMA7      ITEMA8      ITEMA9      ITEMA10     ITEMA11     ITEMA19
   ITEMA20     ITEMA21     ITEMA22     ITEMA23     ITEMA24     ITEMA25
   ITEMA26     ITEMA27     ITEMA29     ITEMA33     ITEMA34     ITEMA35
   ITEMA36     ITEMA37     ITEMA38     ITEMA39

Continuous latent variables
   VOCAB


Estimator                                                      MLR
Information matrix                                        OBSERVED
Optimization Specifications for the Quasi-Newton Algorithm for
Continuous Outcomes
  Maximum number of iterations                               12000
  Convergence criterion                                  0.100D-05
Optimization Specifications for the EM Algorithm
  Maximum number of iterations                                 500
  Convergence criteria
    Loglikelihood change                                 0.100D-02
    Relative loglikelihood change                        0.100D-05
    Derivative                                           0.100D-02
Optimization Specifications for the M step of the EM Algorithm for
Categorical Latent variables
  Number of M step iterations                                    1
  M step convergence criterion                           0.100D-02
  Basis for M step termination                           ITERATION
Optimization Specifications for the M step of the EM Algorithm for
Censored, Binary or Ordered Categorical (Ordinal), Unordered
Categorical (Nominal) and Count Outcomes
  Number of M step iterations                                    1
  M step convergence criterion                           0.100D-02
  Basis for M step termination                           ITERATION
  Maximum value for logit thresholds                            15
  Minimum value for logit thresholds                           -15
  Minimum expected cell size for chi-square              0.100D-01
Maximum number of iterations for H1                           2000
Convergence criterion for H1                             0.100D-03
Optimization algorithm                                         EMA
Integration Specifications
  Type                                                    STANDARD
  Number of integration points                                  15
  Dimensions of numerical integration                            1
  Adaptive quadrature                                           ON
Link                                                         LOGIT
Cholesky                                                        ON

Input data file(s)
  PSYC-573_LTS.dat
Input data format  FREE


SUMMARY OF DATA

     Number of missing data patterns            27
     Number of y missing data patterns           0
     Number of u missing data patterns          27


COVARIANCE COVERAGE OF DATA

Minimum covariance coverage value   0.000


     PROPORTION OF DATA PRESENT FOR U


           Covariance Coverage
              ITEMA1        ITEMA2        ITEMA3        ITEMA4        ITEMA5
              ________      ________      ________      ________      ________
 ITEMA1         1.000
 ITEMA2         1.000         1.000
 ITEMA3         1.000         1.000         1.000
 ITEMA4         1.000         1.000         1.000         1.000
 ITEMA5         1.000         1.000         1.000         1.000         1.000
 ITEMA6         0.998         0.998         0.998         0.998         0.998
 ITEMA7         0.995         0.995         0.995         0.995         0.995
 ITEMA8         0.983         0.983         0.983         0.983         0.983
 ITEMA9         0.901         0.901         0.901         0.901         0.901
 ITEMA10        0.460         0.460         0.460         0.460         0.460
 ITEMA11        0.207         0.207         0.207         0.207         0.207
 ITEMA19        0.675         0.675         0.675         0.675         0.675
 ITEMA20        0.675         0.675         0.675         0.675         0.675
 ITEMA21        0.672         0.672         0.672         0.672         0.672
 ITEMA22        0.665         0.665         0.665         0.665         0.665
 ITEMA23        0.636         0.636         0.636         0.636         0.636
 ITEMA24        0.607         0.607         0.607         0.607         0.607
 ITEMA25        0.561         0.561         0.561         0.561         0.561
 ITEMA26        0.477         0.477         0.477         0.477         0.477
 ITEMA27        0.214         0.214         0.214         0.214         0.214
 ITEMA29        0.027         0.027         0.027         0.027         0.027
 ITEMA33        0.325         0.325         0.325         0.325         0.325
 ITEMA34        0.316         0.316         0.316         0.316         0.316
 ITEMA35        0.311         0.311         0.311         0.311         0.311
 ITEMA36        0.299         0.299         0.299         0.299         0.299
 ITEMA37        0.251         0.251         0.251         0.251         0.251
 ITEMA38        0.106         0.106         0.106         0.106         0.106
 ITEMA39        0.019         0.019         0.019         0.019         0.019


           Covariance Coverage
              ITEMA6        ITEMA7        ITEMA8        ITEMA9        ITEMA10
              ________      ________      ________      ________      ________
 ITEMA6         0.998
 ITEMA7         0.995         0.995
 ITEMA8         0.983         0.983         0.983
 ITEMA9         0.901         0.901         0.901         0.901
 ITEMA10        0.460         0.460         0.460         0.458         0.460
 ITEMA11        0.207         0.207         0.207         0.207         0.205
 ITEMA19        0.672         0.672         0.670         0.624         0.282
 ITEMA20        0.672         0.672         0.670         0.624         0.282
 ITEMA21        0.672         0.672         0.670         0.624         0.282
 ITEMA22        0.665         0.665         0.665         0.624         0.282
 ITEMA23        0.636         0.636         0.636         0.624         0.280
 ITEMA24        0.607         0.607         0.607         0.605         0.282
 ITEMA25        0.561         0.561         0.561         0.559         0.282
 ITEMA26        0.477         0.477         0.477         0.475         0.282
 ITEMA27        0.214         0.214         0.214         0.212         0.212
 ITEMA29        0.027         0.027         0.027         0.027         0.024
 ITEMA33        0.325         0.323         0.313         0.277         0.178
 ITEMA34        0.316         0.316         0.313         0.277         0.178
 ITEMA35        0.311         0.311         0.311         0.277         0.178
 ITEMA36        0.299         0.299         0.299         0.277         0.178
 ITEMA37        0.251         0.251         0.251         0.251         0.178
 ITEMA38        0.106         0.106         0.106         0.106         0.106
 ITEMA39        0.019         0.019         0.019         0.019         0.019


           Covariance Coverage
              ITEMA11       ITEMA19       ITEMA20       ITEMA21       ITEMA22
              ________      ________      ________      ________      ________
 ITEMA11        0.207
 ITEMA19        0.123         0.675
 ITEMA20        0.123         0.675         0.675
 ITEMA21        0.123         0.672         0.672         0.672
 ITEMA22        0.123         0.665         0.665         0.665         0.665
 ITEMA23        0.123         0.636         0.636         0.636         0.636
 ITEMA24        0.123         0.607         0.607         0.607         0.607
 ITEMA25        0.123         0.561         0.561         0.561         0.561
 ITEMA26        0.123         0.477         0.477         0.477         0.477
 ITEMA27        0.123         0.214         0.214         0.214         0.214
 ITEMA29        0.027         0.027         0.027         0.027         0.027
 ITEMA33        0.084         0.000         0.000         0.000         0.000
 ITEMA34        0.084         0.000         0.000         0.000         0.000
 ITEMA35        0.084         0.000         0.000         0.000         0.000
 ITEMA36        0.084         0.000         0.000         0.000         0.000
 ITEMA37        0.084         0.000         0.000         0.000         0.000
 ITEMA38        0.084         0.000         0.000         0.000         0.000
 ITEMA39        0.019         0.000         0.000         0.000         0.000


           Covariance Coverage
              ITEMA23       ITEMA24       ITEMA25       ITEMA26       ITEMA27
              ________      ________      ________      ________      ________
 ITEMA23        0.636
 ITEMA24        0.605         0.607
 ITEMA25        0.559         0.561         0.561
 ITEMA26        0.475         0.477         0.477         0.477
 ITEMA27        0.212         0.214         0.214         0.214         0.214
 ITEMA29        0.027         0.027         0.027         0.027         0.027
 ITEMA33        0.000         0.000         0.000         0.000         0.000
 ITEMA34        0.000         0.000         0.000         0.000         0.000
 ITEMA35        0.000         0.000         0.000         0.000         0.000
 ITEMA36        0.000         0.000         0.000         0.000         0.000
 ITEMA37        0.000         0.000         0.000         0.000         0.000
 ITEMA38        0.000         0.000         0.000         0.000         0.000
 ITEMA39        0.000         0.000         0.000         0.000         0.000


           Covariance Coverage
              ITEMA29       ITEMA33       ITEMA34       ITEMA35       ITEMA36
              ________      ________      ________      ________      ________
 ITEMA29        0.027
 ITEMA33        0.000         0.325
 ITEMA34        0.000         0.316         0.316
 ITEMA35        0.000         0.311         0.311         0.311
 ITEMA36        0.000         0.299         0.299         0.299         0.299
 ITEMA37        0.000         0.251         0.251         0.251         0.251
 ITEMA38        0.000         0.106         0.106         0.106         0.106
 ITEMA39        0.000         0.019         0.019         0.019         0.019


           Covariance Coverage
              ITEMA37       ITEMA38       ITEMA39
              ________      ________      ________
 ITEMA37        0.251
 ITEMA38        0.106         0.106
 ITEMA39        0.019         0.019         0.019


UNIVARIATE PROPORTIONS AND COUNTS FOR CATEGORICAL VARIABLES

    ITEMA1
      Category 1    0.024           10.000
      Category 2    0.976          405.000
    ITEMA2
      Category 1    0.036           15.000
      Category 2    0.964          400.000
    ITEMA3
      Category 1    0.017            7.000
      Category 2    0.983          408.000
    ITEMA4
      Category 1    0.010            4.000
      Category 2    0.990          411.000
    ITEMA5
      Category 1    0.133           55.000
      Category 2    0.867          360.000
    ITEMA6
      Category 1    0.275          114.000
      Category 2    0.725          300.000
    ITEMA7
      Category 1    0.305          126.000
      Category 2    0.695          287.000
    ITEMA8
      Category 1    0.407          166.000
      Category 2    0.593          242.000
    ITEMA9
      Category 1    0.786          294.000
      Category 2    0.214           80.000
    ITEMA10
      Category 1    0.937          179.000
      Category 2    0.063           12.000
    ITEMA11
      Category 1    0.953           82.000
      Category 2    0.047            4.000
    ITEMA19
      Category 1    0.036           10.000
      Category 2    0.964          270.000
    ITEMA20
      Category 1    0.114           32.000
      Category 2    0.886          248.000
    ITEMA21
      Category 1    0.459          128.000
      Category 2    0.541          151.000
    ITEMA22
      Category 1    0.424          117.000
      Category 2    0.576          159.000
    ITEMA23
      Category 1    0.750          198.000
      Category 2    0.250           66.000
    ITEMA24
      Category 1    0.988          249.000
      Category 2    0.012            3.000
    ITEMA25
      Category 1    0.850          198.000
      Category 2    0.150           35.000
    ITEMA26
      Category 1    0.960          190.000
      Category 2    0.040            8.000
    ITEMA27
      Category 1    0.989           88.000
      Category 2    0.011            1.000
    ITEMA29
      Category 1    0.909           10.000
      Category 2    0.091            1.000
    ITEMA33
      Category 1    0.089           12.000
      Category 2    0.911          123.000
    ITEMA34
      Category 1    0.427           56.000
      Category 2    0.573           75.000
    ITEMA35
      Category 1    0.628           81.000
      Category 2    0.372           48.000
    ITEMA36
      Category 1    0.831          103.000
      Category 2    0.169           21.000
    ITEMA37
      Category 1    0.990          103.000
      Category 2    0.010            1.000
    ITEMA38
      Category 1    0.977           43.000
      Category 2    0.023            1.000
    ITEMA39
      Category 1    0.875            7.000
      Category 2    0.125            1.000


     WARNING: THE MODEL ESTIMATION HAS REACHED A SADDLE POINT OR A POINT WHERE THE
     OBSERVED AND THE EXPECTED INFORMATION MATRICES DO NOT MATCH.
     AN ADJUSTMENT TO THE ESTIMATION OF THE INFORMATION MATRIX HAS BEEN MADE.
     THE CONDITION NUMBER IS      -0.351D-03.
     THE PROBLEM MAY ALSO BE RESOLVED BY DECREASING THE VALUE OF THE
     MCONVERGENCE OR LOGCRITERION OPTIONS OR BY CHANGING THE STARTING VALUES
     OR BY INCREASING THE NUMBER OF INTEGRATION POINTS OR BY USING THE MLF ESTIMATOR.

     THE STANDARD ERRORS OF THE MODEL PARAMETER ESTIMATES MAY NOT BE
     TRUSTWORTHY FOR SOME PARAMETERS DUE TO A NON-POSITIVE DEFINITE
     FIRST-ORDER DERIVATIVE PRODUCT MATRIX.  THIS MAY BE DUE TO THE STARTING
     VALUES BUT MAY ALSO BE AN INDICATION OF MODEL NONIDENTIFICATION.  THE
     CONDITION NUMBER IS       0.156D-12.  PROBLEM INVOLVING THE FOLLOWING PARAMETER:
     Parameter 48, [ ITEMA27$1 ]


THE MODEL ESTIMATION TERMINATED NORMALLY

     THE CHI-SQUARE TEST CANNOT BE COMPUTED BECAUSE THE FREQUENCY TABLE FOR THE
     CATEGORICAL VARIABLES IS TOO LARGE.




MODEL FIT INFORMATION

Number of Free Parameters                       56

Loglikelihood

          H0 Value                       -2294.742
          H0 Scaling Correction Factor      0.9223
            for MLR

Information Criteria

          Akaike (AIC)                    4701.484
          Bayesian (BIC)                  4927.068
          Sample-Size Adjusted BIC        4749.366
            (n* = (n + 2) / 24)



MODEL RESULTS

                                                    Two-Tailed
                    Estimate       S.E.  Est./S.E.    P-Value

 VOCAB    BY
    ITEMA1             0.914      0.319      2.861      0.004
    ITEMA2             0.728      0.354      2.056      0.040
    ITEMA3             0.523      0.722      0.725      0.468
    ITEMA4             2.221      1.257      1.766      0.077
    ITEMA5             1.110      0.239      4.637      0.000
    ITEMA6             0.940      0.201      4.681      0.000
    ITEMA7             1.389      0.256      5.424      0.000
    ITEMA8             0.934      0.185      5.049      0.000
    ITEMA9             1.754      0.362      4.848      0.000
    ITEMA10            0.772      0.451      1.711      0.087
    ITEMA11            3.632      2.125      1.709      0.087
    ITEMA19            3.801      1.809      2.102      0.036
    ITEMA20            1.114      0.306      3.643      0.000
    ITEMA21            0.538      0.166      3.240      0.001
    ITEMA22            0.787      0.197      3.992      0.000
    ITEMA23            1.615      0.372      4.345      0.000
    ITEMA24            3.209      0.834      3.848      0.000
    ITEMA25            1.485      0.401      3.707      0.000
    ITEMA26            2.523      0.758      3.329      0.001
    ITEMA27          278.145      0.179   1550.437      0.000
    ITEMA29           -1.678      1.929     -0.870      0.384
    ITEMA33            2.834      1.236      2.293      0.022
    ITEMA34            0.866      0.317      2.731      0.006
    ITEMA35            2.072      0.558      3.712      0.000
    ITEMA36            2.978      1.242      2.399      0.016
    ITEMA37            2.041      0.494      4.129      0.000
    ITEMA38            8.465      5.414      1.564      0.118
    ITEMA39           -0.634      0.719     -0.882      0.378

 Means
    VOCAB              0.000      0.000    999.000    999.000

 Thresholds
    ITEMA1$1          -4.097      0.407    -10.077      0.000
    ITEMA2$1          -3.528      0.355     -9.933      0.000
    ITEMA3$1          -4.199      0.533     -7.879      0.000
    ITEMA4$1          -6.898      2.329     -2.961      0.003
    ITEMA5$1          -2.280      0.226    -10.086      0.000
    ITEMA6$1          -1.131      0.142     -7.988      0.000
    ITEMA7$1          -1.092      0.160     -6.813      0.000
    ITEMA8$1          -0.412      0.120     -3.438      0.001
    ITEMA9$1           2.111      0.290      7.271      0.000
    ITEMA10$1          3.358      0.575      5.841      0.000
    ITEMA11$1          9.164      4.547      2.015      0.044
    ITEMA19$1         -7.680      2.932     -2.619      0.009
    ITEMA20$1         -2.497      0.298     -8.384      0.000
    ITEMA21$1         -0.180      0.128     -1.405      0.160
    ITEMA22$1         -0.338      0.137     -2.469      0.014
    ITEMA23$1          1.660      0.264      6.284      0.000
    ITEMA24$1          8.347      1.964      4.249      0.000
    ITEMA25$1          2.537      0.388      6.535      0.000
    ITEMA26$1          5.780      1.194      4.841      0.000
    ITEMA27$1        738.017      0.068  10909.812      0.000
    ITEMA29$1          1.052      1.730      0.608      0.543
    ITEMA33$1         -4.412      1.374     -3.211      0.001
    ITEMA34$1         -0.254      0.198     -1.283      0.199
    ITEMA35$1          1.061      0.325      3.265      0.001
    ITEMA36$1          3.562      1.211      2.941      0.003
    ITEMA37$1          6.800      1.004      6.771      0.000
    ITEMA38$1         21.106     11.028      1.914      0.056
    ITEMA39$1          1.198      1.517      0.790      0.430

 Variances
    VOCAB              1.000      0.000    999.000    999.000


QUALITY OF NUMERICAL RESULTS

     Condition Number for the Information Matrix             -0.351E-03
       (ratio of smallest to largest eigenvalue)


RESULTS IN PROBABILITY SCALE

                    Estimate

 ITEMA1
    Category 1         0.024
    Category 2         0.976
 ITEMA2
    Category 1         0.036
    Category 2         0.964
 ITEMA3
    Category 1         0.017
    Category 2         0.983
 ITEMA4
    Category 1         0.009
    Category 2         0.991
 ITEMA5
    Category 1         0.132
    Category 2         0.868
 ITEMA6
    Category 1         0.277
    Category 2         0.723
 ITEMA7
    Category 1         0.309
    Category 2         0.691
 ITEMA8
    Category 1         0.414
    Category 2         0.586
 ITEMA9
    Category 1         0.805
    Category 2         0.195
 ITEMA10
    Category 1         0.957
    Category 2         0.043
 ITEMA11
    Category 1         0.988
    Category 2         0.012
 ITEMA19
    Category 1         0.034
    Category 2         0.966
 ITEMA20
    Category 1         0.112
    Category 2         0.888
 ITEMA21
    Category 1         0.458
    Category 2         0.542
 ITEMA22
    Category 1         0.426
    Category 2         0.574
 ITEMA23
    Category 1         0.760
    Category 2         0.240
 ITEMA24
    Category 1         0.988
    Category 2         0.012
 ITEMA25
    Category 1         0.867
    Category 2         0.133
 ITEMA26
    Category 1         0.968
    Category 2         0.032
 ITEMA27
    Category 1         0.996
    Category 2         0.004
 ITEMA29
    Category 1         0.670
    Category 2         0.330
 ITEMA33
    Category 1         0.094
    Category 2         0.906
 ITEMA34
    Category 1         0.446
    Category 2         0.554
 ITEMA35
    Category 1         0.653
    Category 2         0.347
 ITEMA36
    Category 1         0.848
    Category 2         0.152
 ITEMA37
    Category 1         0.993
    Category 2         0.007
 ITEMA38
    Category 1         0.993
    Category 2         0.007
 ITEMA39
    Category 1         0.751
    Category 2         0.249


IRT PARAMETERIZATION

                                                    Two-Tailed
                    Estimate       S.E.  Est./S.E.    P-Value

 Item Discriminations

 VOCAB    BY
    ITEMA1             0.914      0.319      2.861      0.004
    ITEMA2             0.728      0.354      2.056      0.040
    ITEMA3             0.523      0.722      0.725      0.468
    ITEMA4             2.221      1.257      1.766      0.077
    ITEMA5             1.110      0.239      4.637      0.000
    ITEMA6             0.940      0.201      4.681      0.000
    ITEMA7             1.389      0.256      5.424      0.000
    ITEMA8             0.934      0.185      5.049      0.000
    ITEMA9             1.754      0.362      4.848      0.000
    ITEMA10            0.772      0.451      1.711      0.087
    ITEMA11            3.632      2.125      1.709      0.087
    ITEMA19            3.801      1.809      2.102      0.036
    ITEMA20            1.114      0.306      3.643      0.000
    ITEMA21            0.538      0.166      3.240      0.001
    ITEMA22            0.787      0.197      3.992      0.000
    ITEMA23            1.615      0.372      4.345      0.000
    ITEMA24            3.209      0.834      3.848      0.000
    ITEMA25            1.485      0.401      3.707      0.000
    ITEMA26            2.523      0.758      3.329      0.001
    ITEMA27          278.145      0.179   1550.437      0.000
    ITEMA29           -1.678      1.929     -0.870      0.384
    ITEMA33            2.834      1.236      2.293      0.022
    ITEMA34            0.866      0.317      2.731      0.006
    ITEMA35            2.072      0.558      3.712      0.000
    ITEMA36            2.978      1.242      2.399      0.016
    ITEMA37            2.041      0.494      4.129      0.000
    ITEMA38            8.465      5.414      1.564      0.118
    ITEMA39           -0.634      0.719     -0.882      0.378

 Means
    VOCAB              0.000      0.000      0.000      1.000

 Item Difficulties
    ITEMA1            -4.483      1.354     -3.311      0.001
    ITEMA2            -4.844      2.071     -2.339      0.019
    ITEMA3            -8.021     10.382     -0.773      0.440
    ITEMA4            -3.106      0.785     -3.959      0.000
    ITEMA5            -2.054      0.341     -6.021      0.000
    ITEMA6            -1.203      0.235     -5.112      0.000
    ITEMA7            -0.786      0.137     -5.729      0.000
    ITEMA8            -0.441      0.145     -3.047      0.002
    ITEMA9             1.204      0.153      7.861      0.000
    ITEMA10            4.352      1.950      2.232      0.026
    ITEMA11            2.523      0.318      7.943      0.000
    ITEMA19           -2.020      0.258     -7.831      0.000
    ITEMA20           -2.241      0.469     -4.780      0.000
    ITEMA21           -0.334      0.251     -1.328      0.184
    ITEMA22           -0.430      0.195     -2.205      0.027
    ITEMA23            1.028      0.171      6.005      0.000
    ITEMA24            2.601      0.230     11.285      0.000
    ITEMA25            1.708      0.289      5.906      0.000
    ITEMA26            2.291      0.313      7.330      0.000
    ITEMA27            2.653      0.002   1357.515      0.000
    ITEMA29           -0.627      1.652     -0.380      0.704
    ITEMA33           -1.557      0.284     -5.480      0.000
    ITEMA34           -0.293      0.250     -1.173      0.241
    ITEMA35            0.512      0.148      3.450      0.001
    ITEMA36            1.196      0.182      6.570      0.000
    ITEMA37            3.331      0.817      4.077      0.000
    ITEMA38            2.493      0.340      7.336      0.000
    ITEMA39           -1.889      4.196     -0.450      0.653

 Variances
    VOCAB              1.000      0.000      0.000      1.000


TECHNICAL 1 OUTPUT


     PARAMETER SPECIFICATION


           TAU
              ITEMA1$1      ITEMA2$1      ITEMA3$1      ITEMA4$1      ITEMA5$1
              ________      ________      ________      ________      ________
                   29            30            31            32            33


           TAU
              ITEMA6$1      ITEMA7$1      ITEMA8$1      ITEMA9$1      ITEMA10$
              ________      ________      ________      ________      ________
                   34            35            36            37            38


           TAU
              ITEMA11$      ITEMA19$      ITEMA20$      ITEMA21$      ITEMA22$
              ________      ________      ________      ________      ________
                   39            40            41            42            43


           TAU
              ITEMA23$      ITEMA24$      ITEMA25$      ITEMA26$      ITEMA27$
              ________      ________      ________      ________      ________
                   44            45            46            47            48


           TAU
              ITEMA29$      ITEMA33$      ITEMA34$      ITEMA35$      ITEMA36$
              ________      ________      ________      ________      ________
                   49            50            51            52            53


           TAU
              ITEMA37$      ITEMA38$      ITEMA39$
              ________      ________      ________
                   54            55            56


           NU
              ITEMA1        ITEMA2        ITEMA3        ITEMA4        ITEMA5
              ________      ________      ________      ________      ________
                    0             0             0             0             0


           NU
              ITEMA6        ITEMA7        ITEMA8        ITEMA9        ITEMA10
              ________      ________      ________      ________      ________
                    0             0             0             0             0


           NU
              ITEMA11       ITEMA19       ITEMA20       ITEMA21       ITEMA22
              ________      ________      ________      ________      ________
                    0             0             0             0             0


           NU
              ITEMA23       ITEMA24       ITEMA25       ITEMA26       ITEMA27
              ________      ________      ________      ________      ________
                    0             0             0             0             0


           NU
              ITEMA29       ITEMA33       ITEMA34       ITEMA35       ITEMA36
              ________      ________      ________      ________      ________
                    0             0             0             0             0


           NU
              ITEMA37       ITEMA38       ITEMA39
              ________      ________      ________
                    0             0             0


           LAMBDA
              VOCAB
              ________
 ITEMA1             1
 ITEMA2             2
 ITEMA3             3
 ITEMA4             4
 ITEMA5             5
 ITEMA6             6
 ITEMA7             7
 ITEMA8             8
 ITEMA9             9
 ITEMA10           10
 ITEMA11           11
 ITEMA19           12
 ITEMA20           13
 ITEMA21           14
 ITEMA22           15
 ITEMA23           16
 ITEMA24           17
 ITEMA25           18
 ITEMA26           19
 ITEMA27           20
 ITEMA29           21
 ITEMA33           22
 ITEMA34           23
 ITEMA35           24
 ITEMA36           25
 ITEMA37           26
 ITEMA38           27
 ITEMA39           28


           THETA
              ITEMA1        ITEMA2        ITEMA3        ITEMA4        ITEMA5
              ________      ________      ________      ________      ________
 ITEMA1             0
 ITEMA2             0             0
 ITEMA3             0             0             0
 ITEMA4             0             0             0             0
 ITEMA5             0             0             0             0             0
 ITEMA6             0             0             0             0             0
 ITEMA7             0             0             0             0             0
 ITEMA8             0             0             0             0             0
 ITEMA9             0             0             0             0             0
 ITEMA10            0             0             0             0             0
 ITEMA11            0             0             0             0             0
 ITEMA19            0             0             0             0             0
 ITEMA20            0             0             0             0             0
 ITEMA21            0             0             0             0             0
 ITEMA22            0             0             0             0             0
 ITEMA23            0             0             0             0             0
 ITEMA24            0             0             0             0             0
 ITEMA25            0             0             0             0             0
 ITEMA26            0             0             0             0             0
 ITEMA27            0             0             0             0             0
 ITEMA29            0             0             0             0             0
 ITEMA33            0             0             0             0             0
 ITEMA34            0             0             0             0             0
 ITEMA35            0             0             0             0             0
 ITEMA36            0             0             0             0             0
 ITEMA37            0             0             0             0             0
 ITEMA38            0             0             0             0             0
 ITEMA39            0             0             0             0             0


           THETA
              ITEMA6        ITEMA7        ITEMA8        ITEMA9        ITEMA10
              ________      ________      ________      ________      ________
 ITEMA6             0
 ITEMA7             0             0
 ITEMA8             0             0             0
 ITEMA9             0             0             0             0
 ITEMA10            0             0             0             0             0
 ITEMA11            0             0             0             0             0
 ITEMA19            0             0             0             0             0
 ITEMA20            0             0             0             0             0
 ITEMA21            0             0             0             0             0
 ITEMA22            0             0             0             0             0
 ITEMA23            0             0             0             0             0
 ITEMA24            0             0             0             0             0
 ITEMA25            0             0             0             0             0
 ITEMA26            0             0             0             0             0
 ITEMA27            0             0             0             0             0
 ITEMA29            0             0             0             0             0
 ITEMA33            0             0             0             0             0
 ITEMA34            0             0             0             0             0
 ITEMA35            0             0             0             0             0
 ITEMA36            0             0             0             0             0
 ITEMA37            0             0             0             0             0
 ITEMA38            0             0             0             0             0
 ITEMA39            0             0             0             0             0


           THETA
              ITEMA11       ITEMA19       ITEMA20       ITEMA21       ITEMA22
              ________      ________      ________      ________      ________
 ITEMA11            0
 ITEMA19            0             0
 ITEMA20            0             0             0
 ITEMA21            0             0             0             0
 ITEMA22            0             0             0             0             0
 ITEMA23            0             0             0             0             0
 ITEMA24            0             0             0             0             0
 ITEMA25            0             0             0             0             0
 ITEMA26            0             0             0             0             0
 ITEMA27            0             0             0             0             0
 ITEMA29            0             0             0             0             0
 ITEMA33            0             0             0             0             0
 ITEMA34            0             0             0             0             0
 ITEMA35            0             0             0             0             0
 ITEMA36            0             0             0             0             0
 ITEMA37            0             0             0             0             0
 ITEMA38            0             0             0             0             0
 ITEMA39            0             0             0             0             0


           THETA
              ITEMA23       ITEMA24       ITEMA25       ITEMA26       ITEMA27
              ________      ________      ________      ________      ________
 ITEMA23            0
 ITEMA24            0             0
 ITEMA25            0             0             0
 ITEMA26            0             0             0             0
 ITEMA27            0             0             0             0             0
 ITEMA29            0             0             0             0             0
 ITEMA33            0             0             0             0             0
 ITEMA34            0             0             0             0             0
 ITEMA35            0             0             0             0             0
 ITEMA36            0             0             0             0             0
 ITEMA37            0             0             0             0             0
 ITEMA38            0             0             0             0             0
 ITEMA39            0             0             0             0             0


           THETA
              ITEMA29       ITEMA33       ITEMA34       ITEMA35       ITEMA36
              ________      ________      ________      ________      ________
 ITEMA29            0
 ITEMA33            0             0
 ITEMA34            0             0             0
 ITEMA35            0             0             0             0
 ITEMA36            0             0             0             0             0
 ITEMA37            0             0             0             0             0
 ITEMA38            0             0             0             0             0
 ITEMA39            0             0             0             0             0


           THETA
              ITEMA37       ITEMA38       ITEMA39
              ________      ________      ________
 ITEMA37            0
 ITEMA38            0             0
 ITEMA39            0             0             0


           ALPHA
              VOCAB
              ________
                    0


           BETA
              VOCAB
              ________
 VOCAB              0


           PSI
              VOCAB
              ________
 VOCAB              0


     STARTING VALUES


           TAU
              ITEMA1$1      ITEMA2$1      ITEMA3$1      ITEMA4$1      ITEMA5$1
              ________      ________      ________      ________      ________
               -3.701        -3.283        -4.065        -4.632        -1.879


           TAU
              ITEMA6$1      ITEMA7$1      ITEMA8$1      ITEMA9$1      ITEMA10$
              ________      ________      ________      ________      ________
               -0.968        -0.823        -0.377         1.302         2.702


           TAU
              ITEMA11$      ITEMA19$      ITEMA20$      ITEMA21$      ITEMA22$
              ________      ________      ________      ________      ________
                3.020        -3.296        -2.048        -0.165        -0.307


           TAU
              ITEMA23$      ITEMA24$      ITEMA25$      ITEMA26$      ITEMA27$
              ________      ________      ________      ________      ________
                1.099         4.419         1.733         3.168         4.477


           TAU
              ITEMA29$      ITEMA33$      ITEMA34$      ITEMA35$      ITEMA36$
              ________      ________      ________      ________      ________
                2.303        -2.327        -0.292         0.523         1.590


           TAU
              ITEMA37$      ITEMA38$      ITEMA39$
              ________      ________      ________
                4.635         3.761         1.946


           NU
              ITEMA1        ITEMA2        ITEMA3        ITEMA4        ITEMA5
              ________      ________      ________      ________      ________
                0.000         0.000         0.000         0.000         0.000


           NU
              ITEMA6        ITEMA7        ITEMA8        ITEMA9        ITEMA10
              ________      ________      ________      ________      ________
                0.000         0.000         0.000         0.000         0.000


           NU
              ITEMA11       ITEMA19       ITEMA20       ITEMA21       ITEMA22
              ________      ________      ________      ________      ________
                0.000         0.000         0.000         0.000         0.000


           NU
              ITEMA23       ITEMA24       ITEMA25       ITEMA26       ITEMA27
              ________      ________      ________      ________      ________
                0.000         0.000         0.000         0.000         0.000


           NU
              ITEMA29       ITEMA33       ITEMA34       ITEMA35       ITEMA36
              ________      ________      ________      ________      ________
                0.000         0.000         0.000         0.000         0.000


           NU
              ITEMA37       ITEMA38       ITEMA39
              ________      ________      ________
                0.000         0.000         0.000


           LAMBDA
              VOCAB
              ________
 ITEMA1         1.000
 ITEMA2         1.000
 ITEMA3         1.000
 ITEMA4         1.000
 ITEMA5         1.000
 ITEMA6         1.000
 ITEMA7         1.000
 ITEMA8         1.000
 ITEMA9         1.000
 ITEMA10        1.000
 ITEMA11        1.000
 ITEMA19        1.000
 ITEMA20        1.000
 ITEMA21        1.000
 ITEMA22        1.000
 ITEMA23        1.000
 ITEMA24        1.000
 ITEMA25        1.000
 ITEMA26        1.000
 ITEMA27        1.000
 ITEMA29        1.000
 ITEMA33        1.000
 ITEMA34        1.000
 ITEMA35        1.000
 ITEMA36        1.000
 ITEMA37        1.000
 ITEMA38        1.000
 ITEMA39        1.000


           THETA
              ITEMA1        ITEMA2        ITEMA3        ITEMA4        ITEMA5
              ________      ________      ________      ________      ________
 ITEMA1         1.000
 ITEMA2         0.000         1.000
 ITEMA3         0.000         0.000         1.000
 ITEMA4         0.000         0.000         0.000         1.000
 ITEMA5         0.000         0.000         0.000         0.000         1.000
 ITEMA6         0.000         0.000         0.000         0.000         0.000
 ITEMA7         0.000         0.000         0.000         0.000         0.000
 ITEMA8         0.000         0.000         0.000         0.000         0.000
 ITEMA9         0.000         0.000         0.000         0.000         0.000
 ITEMA10        0.000         0.000         0.000         0.000         0.000
 ITEMA11        0.000         0.000         0.000         0.000         0.000
 ITEMA19        0.000         0.000         0.000         0.000         0.000
 ITEMA20        0.000         0.000         0.000         0.000         0.000
 ITEMA21        0.000         0.000         0.000         0.000         0.000
 ITEMA22        0.000         0.000         0.000         0.000         0.000
 ITEMA23        0.000         0.000         0.000         0.000         0.000
 ITEMA24        0.000         0.000         0.000         0.000         0.000
 ITEMA25        0.000         0.000         0.000         0.000         0.000
 ITEMA26        0.000         0.000         0.000         0.000         0.000
 ITEMA27        0.000         0.000         0.000         0.000         0.000
 ITEMA29        0.000         0.000         0.000         0.000         0.000
 ITEMA33        0.000         0.000         0.000         0.000         0.000
 ITEMA34        0.000         0.000         0.000         0.000         0.000
 ITEMA35        0.000         0.000         0.000         0.000         0.000
 ITEMA36        0.000         0.000         0.000         0.000         0.000
 ITEMA37        0.000         0.000         0.000         0.000         0.000
 ITEMA38        0.000         0.000         0.000         0.000         0.000
 ITEMA39        0.000         0.000         0.000         0.000         0.000


           THETA
              ITEMA6        ITEMA7        ITEMA8        ITEMA9        ITEMA10
              ________      ________      ________      ________      ________
 ITEMA6         1.000
 ITEMA7         0.000         1.000
 ITEMA8         0.000         0.000         1.000
 ITEMA9         0.000         0.000         0.000         1.000
 ITEMA10        0.000         0.000         0.000         0.000         1.000
 ITEMA11        0.000         0.000         0.000         0.000         0.000
 ITEMA19        0.000         0.000         0.000         0.000         0.000
 ITEMA20        0.000         0.000         0.000         0.000         0.000
 ITEMA21        0.000         0.000         0.000         0.000         0.000
 ITEMA22        0.000         0.000         0.000         0.000         0.000
 ITEMA23        0.000         0.000         0.000         0.000         0.000
 ITEMA24        0.000         0.000         0.000         0.000         0.000
 ITEMA25        0.000         0.000         0.000         0.000         0.000
 ITEMA26        0.000         0.000         0.000         0.000         0.000
 ITEMA27        0.000         0.000         0.000         0.000         0.000
 ITEMA29        0.000         0.000         0.000         0.000         0.000
 ITEMA33        0.000         0.000         0.000         0.000         0.000
 ITEMA34        0.000         0.000         0.000         0.000         0.000
 ITEMA35        0.000         0.000         0.000         0.000         0.000
 ITEMA36        0.000         0.000         0.000         0.000         0.000
 ITEMA37        0.000         0.000         0.000         0.000         0.000
 ITEMA38        0.000         0.000         0.000         0.000         0.000
 ITEMA39        0.000         0.000         0.000         0.000         0.000


           THETA
              ITEMA11       ITEMA19       ITEMA20       ITEMA21       ITEMA22
              ________      ________      ________      ________      ________
 ITEMA11        1.000
 ITEMA19        0.000         1.000
 ITEMA20        0.000         0.000         1.000
 ITEMA21        0.000         0.000         0.000         1.000
 ITEMA22        0.000         0.000         0.000         0.000         1.000
 ITEMA23        0.000         0.000         0.000         0.000         0.000
 ITEMA24        0.000         0.000         0.000         0.000         0.000
 ITEMA25        0.000         0.000         0.000         0.000         0.000
 ITEMA26        0.000         0.000         0.000         0.000         0.000
 ITEMA27        0.000         0.000         0.000         0.000         0.000
 ITEMA29        0.000         0.000         0.000         0.000         0.000
 ITEMA33        0.000         0.000         0.000         0.000         0.000
 ITEMA34        0.000         0.000         0.000         0.000         0.000
 ITEMA35        0.000         0.000         0.000         0.000         0.000
 ITEMA36        0.000         0.000         0.000         0.000         0.000
 ITEMA37        0.000         0.000         0.000         0.000         0.000
 ITEMA38        0.000         0.000         0.000         0.000         0.000
 ITEMA39        0.000         0.000         0.000         0.000         0.000


           THETA
              ITEMA23       ITEMA24       ITEMA25       ITEMA26       ITEMA27
              ________      ________      ________      ________      ________
 ITEMA23        1.000
 ITEMA24        0.000         1.000
 ITEMA25        0.000         0.000         1.000
 ITEMA26        0.000         0.000         0.000         1.000
 ITEMA27        0.000         0.000         0.000         0.000         1.000
 ITEMA29        0.000         0.000         0.000         0.000         0.000
 ITEMA33        0.000         0.000         0.000         0.000         0.000
 ITEMA34        0.000         0.000         0.000         0.000         0.000
 ITEMA35        0.000         0.000         0.000         0.000         0.000
 ITEMA36        0.000         0.000         0.000         0.000         0.000
 ITEMA37        0.000         0.000         0.000         0.000         0.000
 ITEMA38        0.000         0.000         0.000         0.000         0.000
 ITEMA39        0.000         0.000         0.000         0.000         0.000


           THETA
              ITEMA29       ITEMA33       ITEMA34       ITEMA35       ITEMA36
              ________      ________      ________      ________      ________
 ITEMA29        1.000
 ITEMA33        0.000         1.000
 ITEMA34        0.000         0.000         1.000
 ITEMA35        0.000         0.000         0.000         1.000
 ITEMA36        0.000         0.000         0.000         0.000         1.000
 ITEMA37        0.000         0.000         0.000         0.000         0.000
 ITEMA38        0.000         0.000         0.000         0.000         0.000
 ITEMA39        0.000         0.000         0.000         0.000         0.000


           THETA
              ITEMA37       ITEMA38       ITEMA39
              ________      ________      ________
 ITEMA37        1.000
 ITEMA38        0.000         1.000
 ITEMA39        0.000         0.000         1.000


           ALPHA
              VOCAB
              ________
                0.000


           BETA
              VOCAB
              ________
 VOCAB          0.000


           PSI
              VOCAB
              ________
 VOCAB          1.000


TECHNICAL 4 OUTPUT


     ESTIMATES DERIVED FROM THE MODEL


           ESTIMATED MEANS FOR THE LATENT VARIABLES
              VOCAB
              ________
                0.000


           S.E. FOR ESTIMATED MEANS FOR THE LATENT VARIABLES
              VOCAB
              ________
                0.000


           EST./S.E. FOR ESTIMATED MEANS FOR THE LATENT VARIABLES
              VOCAB
              ________
                0.000


           TWO-TAILED P-VALUE FOR ESTIMATED MEANS FOR THE LATENT VARIABLES
              VOCAB
              ________
                1.000


           ESTIMATED COVARIANCE MATRIX FOR THE LATENT VARIABLES
              VOCAB
              ________
 VOCAB          1.000


           S.E. FOR ESTIMATED COVARIANCE MATRIX FOR THE LATENT VARIABLES
              VOCAB
              ________
 VOCAB          0.000


           EST./S.E. FOR ESTIMATED COVARIANCE MATRIX FOR THE LATENT VARIABLES
              VOCAB
              ________
 VOCAB    ***********


           TWO-TAILED P-VALUE FOR ESTIMATED COVARIANCE MATRIX FOR THE LATENT VARIABLES
              VOCAB
              ________
 VOCAB          0.000


           ESTIMATED CORRELATION MATRIX FOR THE LATENT VARIABLES
              VOCAB
              ________
 VOCAB          1.000


           S.E. FOR ESTIMATED CORRELATION MATRIX FOR THE LATENT VARIABLES
              VOCAB
              ________
 VOCAB          0.000


           EST./S.E. FOR ESTIMATED CORRELATION MATRIX FOR THE LATENT VARIABLES
              VOCAB
              ________
 VOCAB        999.000


           TWO-TAILED P-VALUE FOR ESTIMATED CORRELATION MATRIX FOR THE LATENT VARIABLES
              VOCAB
              ________
 VOCAB          0.000


TECHNICAL 8 OUTPUT


   E STEP  ITER  LOGLIKELIHOOD    ABS CHANGE   REL CHANGE  ALGORITHM
              1 -0.23683706D+04    0.0000000    0.0000000  EM
              2 -0.23159441D+04   52.4264824    0.0221361  EM
              3 -0.23031352D+04   12.8089144    0.0055308  EM
              4 -0.22986628D+04    4.4724387    0.0019419  EM
              5 -0.22968084D+04    1.8544038    0.0008067  EM
              6 -0.22959296D+04    0.8787387    0.0003826  EM
              7 -0.22954606D+04    0.4690382    0.0002043  EM
              8 -0.22951833D+04    0.2772759    0.0001208  EM
              9 -0.22950069D+04    0.1764028    0.0000769  EM
             10 -0.22948824D+04    0.1245546    0.0000543  EM
             11 -0.22947901D+04    0.0922817    0.0000402  EM
             12 -0.22947258D+04    0.0642497    0.0000280  EM
             13 -0.22946903D+04    0.0355092    0.0000155  EM
             14 -0.22946487D+04    0.0415915    0.0000181  EM
             15 -0.22947420D+04   -0.0932373   -0.0000406  EM


SAMPLE STATISTICS FOR ESTIMATED FACTOR SCORES


     SAMPLE STATISTICS


           Means
              VOCAB         VOCAB_SE
              ________      ________
                0.000         0.523


           Covariances
              VOCAB         VOCAB_SE
              ________      ________
 VOCAB          0.728
 VOCAB_SE      -0.018         0.002


           Correlations
              VOCAB         VOCAB_SE
              ________      ________
 VOCAB          1.000
 VOCAB_SE      -0.479         1.000


SAVEDATA INFORMATION


  Save file
    NewOut_11-30-24.txt

  Order and format of variables

    ITEMA1         F10.3
    ITEMA2         F10.3
    ITEMA3         F10.3
    ITEMA4         F10.3
    ITEMA5         F10.3
    ITEMA6         F10.3
    ITEMA7         F10.3
    ITEMA8         F10.3
    ITEMA9         F10.3
    ITEMA10        F10.3
    ITEMA11        F10.3
    ITEMA19        F10.3
    ITEMA20        F10.3
    ITEMA21        F10.3
    ITEMA22        F10.3
    ITEMA23        F10.3
    ITEMA24        F10.3
    ITEMA25        F10.3
    ITEMA26        F10.3
    ITEMA27        F10.3
    ITEMA29        F10.3
    ITEMA33        F10.3
    ITEMA34        F10.3
    ITEMA35        F10.3
    ITEMA36        F10.3
    ITEMA37        F10.3
    ITEMA38        F10.3
    ITEMA39        F10.3
    VOCAB          F10.3
    VOCAB_SE       F10.3

  Save file format
    30F10.3

  Save file record length    10000

  Save missing symbol        *


     Beginning Time:  10:23:15
        Ending Time:  10:23:15
       Elapsed Time:  00:00:00



MUTHEN & MUTHEN
3463 Stoner Ave.
Los Angeles, CA  90066

Tel: (310) 391-9971
Fax: (310) 391-8971
Web: www.StatModel.com
Support: Support@StatModel.com

Copyright (c) 1998-2021 Muthen & Muthen
